<?xml version="1.0" encoding="UTF-8"?>
<!-- Generated by org.testng.reporters.JUnitReportReporter -->
<testsuite hostname="LAPTOP-DS7R3C8O" failures="0" tests="1" name="demo.report.ExtentreportDemo" time="3.198" errors="0" timestamp="2024-10-12T21:17:44 IST" skipped="0">
  <testcase classname="demo.report.ExtentreportDemo" name="initialDemo" time="3.198"/>
</testsuite> <!-- demo.report.ExtentreportDemo -->
